# JRE version: Java(TM) SE Runtime Environment (17.0.1+12) (build 17.0.1+12-LTS-39)
# Java VM: Java HotSpot(TM) 64-Bit Server VM (17.0.1+12-LTS-39, mixed mode, sharing, tiered, compressed oops, compressed class ptrs, g1 gc, windows-amd64)
GC Precious Log:
 CPUs: 16 total, 16 available
 Memory: 15734M
 Large Page Support: Disabled
 NUMA Support: Disabled
 Compressed Oops: Enabled (Zero based)
 Heap Region Size: 2M
 Heap Min Capacity: 8M
 Heap Initial Capacity: 246M
 Heap Max Capacity: 3934M
 Pre-touch: Disabled
 Parallel Workers: 13
 Concurrent Workers: 3
 Concurrent Refinement Workers: 13
 Periodic GC: Disabled
Heap:
 garbage-first heap   total 303104K, used 67315K [0x000000070a200000, 0x0000000800000000)
  region size 2048K, 10 young (20480K), 10 survivors (20480K)
 Metaspace       used 10448K, committed 10688K, reserved 1064960K
  class space    used 1209K, committed 1344K, reserved 1048576K
GC Heap History (17 events):
Event: 2.071 GC heap before
{Heap before GC invocations=0 (full 0):
 garbage-first heap   total 251904K, used 20480K [0x000000070a200000, 0x0000000800000000)
  region size 2048K, 11 young (22528K), 0 survivors (0K)
 Metaspace       used 5600K, committed 5760K, reserved 1056768K
  class space    used 687K, committed 768K, reserved 1048576K
}
Event: 2.104 GC heap after
{Heap after GC invocations=1 (full 0):
 garbage-first heap   total 251904K, used 7363K [0x000000070a200000, 0x0000000800000000)
  region size 2048K, 2 young (4096K), 2 survivors (4096K)
 Metaspace       used 5600K, committed 5760K, reserved 1056768K
  class space    used 687K, committed 768K, reserved 1048576K
}
Event: 4.694 GC heap before
{Heap before GC invocations=1 (full 0):
 garbage-first heap   total 251904K, used 29891K [0x000000070a200000, 0x0000000800000000)
  region size 2048K, 13 young (26624K), 2 survivors (4096K)
 Metaspace       used 9589K, committed 9728K, reserved 1064960K
  class space    used 1101K, committed 1152K, reserved 1048576K
}
Event: 4.722 GC heap after
{Heap after GC invocations=2 (full 0):
 garbage-first heap   total 251904K, used 9119K [0x000000070a200000, 0x0000000800000000)
  region size 2048K, 1 young (2048K), 1 survivors (2048K)
 Metaspace       used 9589K, committed 9728K, reserved 1064960K
  class space    used 1101K, committed 1152K, reserved 1048576K
}
Event: 5.811 GC heap before
{Heap before GC invocations=2 (full 0):
 garbage-first heap   total 251904K, used 56223K [0x000000070a200000, 0x0000000800000000)
  region size 2048K, 24 young (49152K), 1 survivors (2048K)
 Metaspace       used 9609K, committed 9728K, reserved 1064960K
  class space    used 1101K, committed 1152K, reserved 1048576K
}
Event: 5.836 GC heap after
{Heap after GC invocations=3 (full 0):
 garbage-first heap   total 251904K, used 11181K [0x000000070a200000, 0x0000000800000000)
  region size 2048K, 2 young (4096K), 2 survivors (4096K)
 Metaspace       used 9609K, committed 9728K, reserved 1064960K
  class space    used 1101K, committed 1152K, reserved 1048576K
}
Event: 7.568 GC heap before
{Heap before GC invocations=3 (full 0):
 garbage-first heap   total 251904K, used 156589K [0x000000070a200000, 0x0000000800000000)
  region size 2048K, 73 young (149504K), 2 survivors (4096K)
 Metaspace       used 9763K, committed 9920K, reserved 1064960K
  class space    used 1112K, committed 1152K, reserved 1048576K
}
Event: 7.655 GC heap after
{Heap after GC invocations=4 (full 0):
 garbage-first heap   total 251904K, used 20584K [0x000000070a200000, 0x0000000800000000)
  region size 2048K, 7 young (14336K), 7 survivors (14336K)
 Metaspace       used 9763K, committed 9920K, reserved 1064960K
  class space    used 1112K, committed 1152K, reserved 1048576K
}
Event: 8.334 GC heap before
{Heap before GC invocations=4 (full 0):
 garbage-first heap   total 251904K, used 157800K [0x000000070a200000, 0x0000000800000000)
  region size 2048K, 73 young (149504K), 7 survivors (14336K)
 Metaspace       used 9767K, committed 9920K, reserved 1064960K
  class space    used 1112K, committed 1152K, reserved 1048576K
}
Event: 8.468 GC heap after
{Heap after GC invocations=5 (full 0):
 garbage-first heap   total 303104K, used 30542K [0x000000070a200000, 0x0000000800000000)
  region size 2048K, 9 young (18432K), 9 survivors (18432K)
 Metaspace       used 9767K, committed 9920K, reserved 1064960K
  class space    used 1112K, committed 1152K, reserved 1048576K
}
Event: 9.083 GC heap before
{Heap before GC invocations=5 (full 0):
 garbage-first heap   total 303104K, used 126798K [0x000000070a200000, 0x0000000800000000)
  region size 2048K, 56 young (114688K), 9 survivors (18432K)
 Metaspace       used 9770K, committed 9920K, reserved 1064960K
  class space    used 1112K, committed 1152K, reserved 1048576K
}
Event: 9.191 GC heap after
{Heap after GC invocations=6 (full 0):
 garbage-first heap   total 303104K, used 36531K [0x000000070a200000, 0x0000000800000000)
  region size 2048K, 4 young (8192K), 4 survivors (8192K)
 Metaspace       used 9770K, committed 9920K, reserved 1064960K
  class space    used 1112K, committed 1152K, reserved 1048576K
}
Event: 9.387 GC heap before
{Heap before GC invocations=6 (full 0):
 garbage-first heap   total 303104K, used 212659K [0x000000070a200000, 0x0000000800000000)
  region size 2048K, 88 young (180224K), 4 survivors (8192K)
 Metaspace       used 9781K, committed 9920K, reserved 1064960K
  class space    used 1112K, committed 1152K, reserved 1048576K
}
Event: 9.399 GC heap after
{Heap after GC invocations=7 (full 0):
 garbage-first heap   total 303104K, used 47516K [0x000000070a200000, 0x0000000800000000)
  region size 2048K, 7 young (14336K), 7 survivors (14336K)
 Metaspace       used 9781K, committed 9920K, reserved 1064960K
  class space    used 1112K, committed 1152K, reserved 1048576K
}
Event: 9.401 GC heap before
{Heap before GC invocations=7 (full 0):
 garbage-first heap   total 303104K, used 49564K [0x000000070a200000, 0x0000000800000000)
  region size 2048K, 8 young (16384K), 7 survivors (14336K)
 Metaspace       used 9781K, committed 9920K, reserved 1064960K
  class space    used 1112K, committed 1152K, reserved 1048576K
}
Event: 9.408 GC heap after
{Heap after GC invocations=8 (full 0):
 garbage-first heap   total 303104K, used 49611K [0x000000070a200000, 0x0000000800000000)
  region size 2048K, 1 young (2048K), 1 survivors (2048K)
 Metaspace       used 9781K, committed 9920K, reserved 1064960K
  class space    used 1112K, committed 1152K, reserved 1048576K
}
Event: 9.763 GC heap before
{Heap before GC invocations=8 (full 0):
 garbage-first heap   total 303104K, used 227787K [0x000000070a200000, 0x0000000800000000)
  region size 2048K, 88 young (180224K), 1 survivors (2048K)
 Metaspace       used 10448K, committed 10688K, reserved 1064960K
  class space    used 1209K, committed 1344K, reserved 1048576K
}

